# JRE version: OpenJDK Runtime Environment (8.0_152-b06) (build 1.8.0_152-release-1136-b06)
# Java VM: OpenJDK 64-Bit Server VM (25.152-b06 mixed mode windows-amd64 compressed oops)
Heap:
 PSYoungGen      total 1091072K, used 412408K [0x000000076ab00000, 0x00000007c0000000, 0x00000007c0000000)
  eden space 784384K, 34% used [0x000000076ab00000,0x000000077b13a5c8,0x000000079a900000)
  from space 306688K, 46% used [0x000000079a900000,0x00000007a3583e00,0x00000007ad480000)
  to   space 299520K, 0% used [0x00000007adb80000,0x00000007adb80000,0x00000007c0000000)
 ParOldGen       total 1108992K, used 742058K [0x00000006c0000000, 0x0000000703b00000, 0x000000076ab00000)
  object space 1108992K, 66% used [0x00000006c0000000,0x00000006ed4aa9b8,0x0000000703b00000)
 Metaspace       used 6811K, capacity 7448K, committed 7680K, reserved 1056768K
  class space    used 621K, capacity 656K, committed 768K, reserved 1048576K
GC Heap History (10 events):
Event: 29.367 GC heap before
{Heap before GC invocations=18 (full 4):
 PSYoungGen      total 864768K, used 713626K [0x000000076ab00000, 0x00000007b3180000, 0x00000007c0000000)
  eden space 679424K, 100% used [0x000000076ab00000,0x0000000794280000,0x0000000794280000)
  from space 185344K, 18% used [0x0000000794280000,0x00000007963e6bc0,0x000000079f780000)
  to   space 191488K, 0% used [0x00000007a7680000,0x00000007a7680000,0x00000007b3180000)
 ParOldGen       total 742400K, used 474330K [0x00000006c0000000, 0x00000006ed500000, 0x000000076ab00000)
  object space 742400K, 63% used [0x00000006c0000000,0x00000006dcf36818,0x00000006ed500000)
 Metaspace       used 6642K, capacity 7350K, committed 7552K, reserved 1056768K
  class space    used 609K, capacity 622K, committed 640K, reserved 1048576K
Event: 29.701 GC heap after
Heap after GC invocations=18 (full 4):
 PSYoungGen      total 967168K, used 142363K [0x000000076ab00000, 0x00000007b3380000, 0x00000007c0000000)
  eden space 775680K, 0% used [0x000000076ab00000,0x000000076ab00000,0x000000079a080000)
  from space 191488K, 74% used [0x00000007a7680000,0x00000007b0186df0,0x00000007b3180000)
  to   space 206336K, 0% used [0x000000079a080000,0x000000079a080000,0x00000007a6a00000)
 ParOldGen       total 742400K, used 474330K [0x00000006c0000000, 0x00000006ed500000, 0x000000076ab00000)
  object space 742400K, 63% used [0x00000006c0000000,0x00000006dcf36818,0x00000006ed500000)
 Metaspace       used 6642K, capacity 7350K, committed 7552K, reserved 1056768K
  class space    used 609K, capacity 622K, committed 640K, reserved 1048576K
}
Event: 32.127 GC heap before
{Heap before GC invocations=19 (full 4):
 PSYoungGen      total 967168K, used 918043K [0x000000076ab00000, 0x00000007b3380000, 0x00000007c0000000)
  eden space 775680K, 100% used [0x000000076ab00000,0x000000079a080000,0x000000079a080000)
  from space 191488K, 74% used [0x00000007a7680000,0x00000007b0186df0,0x00000007b3180000)
  to   space 206336K, 0% used [0x000000079a080000,0x000000079a080000,0x00000007a6a00000)
 ParOldGen       total 742400K, used 474330K [0x00000006c0000000, 0x00000006ed500000, 0x000000076ab00000)
  object space 742400K, 63% used [0x00000006c0000000,0x00000006dcf36818,0x00000006ed500000)
 Metaspace       used 6654K, capacity 7350K, committed 7552K, reserved 1056768K
  class space    used 610K, capacity 622K, committed 640K, reserved 1048576K
Event: 32.448 GC heap after
Heap after GC invocations=19 (full 4):
 PSYoungGen      total 982016K, used 206332K [0x000000076ab00000, 0x00000007c0000000, 0x00000007c0000000)
  eden space 775680K, 0% used [0x000000076ab00000,0x000000076ab00000,0x000000079a080000)
  from space 206336K, 99% used [0x000000079a080000,0x00000007a69ff240,0x00000007a6a00000)
  to   space 283136K, 0% used [0x00000007aeb80000,0x00000007aeb80000,0x00000007c0000000)
 ParOldGen       total 742400K, used 585839K [0x00000006c0000000, 0x00000006ed500000, 0x000000076ab00000)
  object space 742400K, 78% used [0x00000006c0000000,0x00000006e3c1be90,0x00000006ed500000)
 Metaspace       used 6654K, capacity 7350K, committed 7552K, reserved 1056768K
  class space    used 610K, capacity 622K, committed 640K, reserved 1048576K
}
Event: 36.154 GC heap before
{Heap before GC invocations=20 (full 4):
 PSYoungGen      total 982016K, used 982012K [0x000000076ab00000, 0x00000007c0000000, 0x00000007c0000000)
  eden space 775680K, 100% used [0x000000076ab00000,0x000000079a080000,0x000000079a080000)
  from space 206336K, 99% used [0x000000079a080000,0x00000007a69ff240,0x00000007a6a00000)
  to   space 283136K, 0% used [0x00000007aeb80000,0x00000007aeb80000,0x00000007c0000000)
 ParOldGen       total 742400K, used 585839K [0x00000006c0000000, 0x00000006ed500000, 0x000000076ab00000)
  object space 742400K, 78% used [0x00000006c0000000,0x00000006e3c1be90,0x00000006ed500000)
 Metaspace       used 6763K, capacity 7448K, committed 7680K, reserved 1056768K
  class space    used 618K, capacity 656K, committed 768K, reserved 1048576K
Event: 36.618 GC heap after
Heap after GC invocations=20 (full 4):
 PSYoungGen      total 1067520K, used 213814K [0x000000076ab00000, 0x00000007c0000000, 0x00000007c0000000)
  eden space 784384K, 0% used [0x000000076ab00000,0x000000076ab00000,0x000000079a900000)
  from space 283136K, 75% used [0x00000007aeb80000,0x00000007bbc4d840,0x00000007c0000000)
  to   space 306688K, 0% used [0x000000079a900000,0x000000079a900000,0x00000007ad480000)
 ParOldGen       total 742400K, used 702961K [0x00000006c0000000, 0x00000006ed500000, 0x000000076ab00000)
  object space 742400K, 94% used [0x00000006c0000000,0x00000006eae7c480,0x00000006ed500000)
 Metaspace       used 6763K, capacity 7448K, committed 7680K, reserved 1056768K
  class space    used 618K, capacity 656K, committed 768K, reserved 1048576K
}
Event: 36.618 GC heap before
{Heap before GC invocations=21 (full 5):
 PSYoungGen      total 1067520K, used 213814K [0x000000076ab00000, 0x00000007c0000000, 0x00000007c0000000)
  eden space 784384K, 0% used [0x000000076ab00000,0x000000076ab00000,0x000000079a900000)
  from space 283136K, 75% used [0x00000007aeb80000,0x00000007bbc4d840,0x00000007c0000000)
  to   space 306688K, 0% used [0x000000079a900000,0x000000079a900000,0x00000007ad480000)
 ParOldGen       total 742400K, used 702961K [0x00000006c0000000, 0x00000006ed500000, 0x000000076ab00000)
  object space 742400K, 94% used [0x00000006c0000000,0x00000006eae7c480,0x00000006ed500000)
 Metaspace       used 6763K, capacity 7448K, committed 7680K, reserved 1056768K
  class space    used 618K, capacity 656K, committed 768K, reserved 1048576K
Event: 41.974 GC heap after
Heap after GC invocations=21 (full 5):
 PSYoungGen      total 1067520K, used 71847K [0x000000076ab00000, 0x00000007c0000000, 0x00000007c0000000)
  eden space 784384K, 0% used [0x000000076ab00000,0x000000076ab00000,0x000000079a900000)
  from space 283136K, 25% used [0x00000007aeb80000,0x00000007b31a9e98,0x00000007c0000000)
  to   space 306688K, 0% used [0x000000079a900000,0x000000079a900000,0x00000007ad480000)
 ParOldGen       total 1108992K, used 742058K [0x00000006c0000000, 0x0000000703b00000, 0x000000076ab00000)
  object space 1108992K, 66% used [0x00000006c0000000,0x00000006ed4aa9b8,0x0000000703b00000)
 Metaspace       used 6763K, capacity 7448K, committed 7680K, reserved 1056768K
  class space    used 618K, capacity 656K, committed 768K, reserved 1048576K
}
Event: 43.595 GC heap before
{Heap before GC invocations=22 (full 5):
 PSYoungGen      total 1067520K, used 856231K [0x000000076ab00000, 0x00000007c0000000, 0x00000007c0000000)
  eden space 784384K, 100% used [0x000000076ab00000,0x000000079a900000,0x000000079a900000)
  from space 283136K, 25% used [0x00000007aeb80000,0x00000007b31a9e98,0x00000007c0000000)
  to   space 306688K, 0% used [0x000000079a900000,0x000000079a900000,0x00000007ad480000)
 ParOldGen       total 1108992K, used 742058K [0x00000006c0000000, 0x0000000703b00000, 0x000000076ab00000)
  object space 1108992K, 66% used [0x00000006c0000000,0x00000006ed4aa9b8,0x0000000703b00000)
 Metaspace       used 6782K, capacity 7448K, committed 7680K, reserved 1056768K
  class space    used 618K, capacity 656K, committed 768K, reserved 1048576K
Event: 43.906 GC heap after
Heap after GC invocations=22 (full 5):
 PSYoungGen      total 1091072K, used 143887K [0x000000076ab00000, 0x00000007c0000000, 0x00000007c0000000)
  eden space 784384K, 0% used [0x000000076ab00000,0x000000076ab00000,0x000000079a900000)
  from space 306688K, 46% used [0x000000079a900000,0x00000007a3583e00,0x00000007ad480000)
  to   space 299520K, 0% used [0x00000007adb80000,0x00000007adb80000,0x00000007c0000000)
 ParOldGen       total 1108992K, used 742058K [0x00000006c0000000, 0x0000000703b00000, 0x000000076ab00000)
  object space 1108992K, 66% used [0x00000006c0000000,0x00000006ed4aa9b8,0x0000000703b00000)
 Metaspace       used 6782K, capacity 7448K, committed 7680K, reserved 1056768K
  class space    used 618K, capacity 656K, committed 768K, reserved 1048576K
}

