# JRE version: OpenJDK Runtime Environment (8.0_152-b06) (build 1.8.0_152-release-1136-b06)
# Java VM: OpenJDK 64-Bit Server VM (25.152-b06 mixed mode windows-amd64 compressed oops)
Heap:
 PSYoungGen      total 1057792K, used 91776K [0x000000076ab00000, 0x00000007c0000000, 0x00000007c0000000)
  eden space 752640K, 12% used [0x000000076ab00000,0x00000007704a0028,0x0000000798a00000)
  from space 305152K, 0% used [0x00000007ad600000,0x00000007ad600000,0x00000007c0000000)
  to   space 322560K, 0% used [0x0000000798a00000,0x0000000798a00000,0x00000007ac500000)
 ParOldGen       total 1153536K, used 700217K [0x00000006c0000000, 0x0000000706680000, 0x000000076ab00000)
  object space 1153536K, 60% used [0x00000006c0000000,0x00000006eabce600,0x0000000706680000)
 Metaspace       used 7089K, capacity 7736K, committed 7936K, reserved 1056768K
  class space    used 632K, capacity 688K, committed 768K, reserved 1048576K
GC Heap History (10 events):
Event: 40.176 GC heap before
{Heap before GC invocations=20 (full 4):
 PSYoungGen      total 950784K, used 881122K [0x000000076ab00000, 0x00000007bb000000, 0x00000007c0000000)
  eden space 722944K, 100% used [0x000000076ab00000,0x0000000796d00000,0x0000000796d00000)
  from space 227840K, 69% used [0x0000000796d00000,0x00000007a0778828,0x00000007a4b80000)
  to   space 241664K, 0% used [0x00000007ac400000,0x00000007ac400000,0x00000007bb000000)
 ParOldGen       total 761856K, used 602598K [0x00000006c0000000, 0x00000006ee800000, 0x000000076ab00000)
  object space 761856K, 79% used [0x00000006c0000000,0x00000006e4c79940,0x00000006ee800000)
 Metaspace       used 6727K, capacity 7384K, committed 7680K, reserved 1056768K
  class space    used 616K, capacity 656K, committed 768K, reserved 1048576K
Event: 40.511 GC heap after
Heap after GC invocations=20 (full 4):
 PSYoungGen      total 1058816K, used 171819K [0x000000076ab00000, 0x00000007bcf00000, 0x00000007c0000000)
  eden space 817152K, 0% used [0x000000076ab00000,0x000000076ab00000,0x000000079c900000)
  from space 241664K, 71% used [0x00000007ac400000,0x00000007b6bcafc0,0x00000007bb000000)
  to   space 257024K, 0% used [0x000000079c900000,0x000000079c900000,0x00000007ac400000)
 ParOldGen       total 761856K, used 602598K [0x00000006c0000000, 0x00000006ee800000, 0x000000076ab00000)
  object space 761856K, 79% used [0x00000006c0000000,0x00000006e4c79940,0x00000006ee800000)
 Metaspace       used 6727K, capacity 7384K, committed 7680K, reserved 1056768K
  class space    used 616K, capacity 656K, committed 768K, reserved 1048576K
}
Event: 44.086 GC heap before
{Heap before GC invocations=21 (full 4):
 PSYoungGen      total 1058816K, used 988971K [0x000000076ab00000, 0x00000007bcf00000, 0x00000007c0000000)
  eden space 817152K, 100% used [0x000000076ab00000,0x000000079c900000,0x000000079c900000)
  from space 241664K, 71% used [0x00000007ac400000,0x00000007b6bcafc0,0x00000007bb000000)
  to   space 257024K, 0% used [0x000000079c900000,0x000000079c900000,0x00000007ac400000)
 ParOldGen       total 761856K, used 602598K [0x00000006c0000000, 0x00000006ee800000, 0x000000076ab00000)
  object space 761856K, 79% used [0x00000006c0000000,0x00000006e4c79940,0x00000006ee800000)
 Metaspace       used 6775K, capacity 7448K, committed 7680K, reserved 1056768K
  class space    used 618K, capacity 656K, committed 768K, reserved 1048576K
Event: 44.460 GC heap after
Heap after GC invocations=21 (full 4):
 PSYoungGen      total 1074176K, used 257021K [0x000000076ab00000, 0x00000007c0000000, 0x00000007c0000000)
  eden space 817152K, 0% used [0x000000076ab00000,0x000000076ab00000,0x000000079c900000)
  from space 257024K, 99% used [0x000000079c900000,0x00000007ac3ff560,0x00000007ac400000)
  to   space 305152K, 0% used [0x00000007ad600000,0x00000007ad600000,0x00000007c0000000)
 ParOldGen       total 761856K, used 616382K [0x00000006c0000000, 0x00000006ee800000, 0x000000076ab00000)
  object space 761856K, 80% used [0x00000006c0000000,0x00000006e59ef840,0x00000006ee800000)
 Metaspace       used 6775K, capacity 7448K, committed 7680K, reserved 1056768K
  class space    used 618K, capacity 656K, committed 768K, reserved 1048576K
}
Event: 46.269 GC heap before
{Heap before GC invocations=22 (full 4):
 PSYoungGen      total 1074176K, used 1074173K [0x000000076ab00000, 0x00000007c0000000, 0x00000007c0000000)
  eden space 817152K, 100% used [0x000000076ab00000,0x000000079c900000,0x000000079c900000)
  from space 257024K, 99% used [0x000000079c900000,0x00000007ac3ff560,0x00000007ac400000)
  to   space 305152K, 0% used [0x00000007ad600000,0x00000007ad600000,0x00000007c0000000)
 ParOldGen       total 761856K, used 616382K [0x00000006c0000000, 0x00000006ee800000, 0x000000076ab00000)
  object space 761856K, 80% used [0x00000006c0000000,0x00000006e59ef840,0x00000006ee800000)
 Metaspace       used 6982K, capacity 7672K, committed 7936K, reserved 1056768K
  class space    used 630K, capacity 688K, committed 768K, reserved 1048576K
Event: 46.979 GC heap after
Heap after GC invocations=22 (full 4):
 PSYoungGen      total 1057792K, used 213638K [0x000000076ab00000, 0x00000007c0000000, 0x00000007c0000000)
  eden space 752640K, 0% used [0x000000076ab00000,0x000000076ab00000,0x0000000798a00000)
  from space 305152K, 70% used [0x00000007ad600000,0x00000007ba6a1b98,0x00000007c0000000)
  to   space 322560K, 0% used [0x0000000798a00000,0x0000000798a00000,0x00000007ac500000)
 ParOldGen       total 778240K, used 778003K [0x00000006c0000000, 0x00000006ef800000, 0x000000076ab00000)
  object space 778240K, 99% used [0x00000006c0000000,0x00000006ef7c4c08,0x00000006ef800000)
 Metaspace       used 6982K, capacity 7672K, committed 7936K, reserved 1056768K
  class space    used 630K, capacity 688K, committed 768K, reserved 1048576K
}
Event: 46.979 GC heap before
{Heap before GC invocations=23 (full 5):
 PSYoungGen      total 1057792K, used 213638K [0x000000076ab00000, 0x00000007c0000000, 0x00000007c0000000)
  eden space 752640K, 0% used [0x000000076ab00000,0x000000076ab00000,0x0000000798a00000)
  from space 305152K, 70% used [0x00000007ad600000,0x00000007ba6a1b98,0x00000007c0000000)
  to   space 322560K, 0% used [0x0000000798a00000,0x0000000798a00000,0x00000007ac500000)
 ParOldGen       total 778240K, used 778003K [0x00000006c0000000, 0x00000006ef800000, 0x000000076ab00000)
  object space 778240K, 99% used [0x00000006c0000000,0x00000006ef7c4c08,0x00000006ef800000)
 Metaspace       used 6982K, capacity 7672K, committed 7936K, reserved 1056768K
  class space    used 630K, capacity 688K, committed 768K, reserved 1048576K
Event: 55.252 GC heap after
Heap after GC invocations=23 (full 5):
 PSYoungGen      total 1057792K, used 154827K [0x000000076ab00000, 0x00000007c0000000, 0x00000007c0000000)
  eden space 752640K, 0% used [0x000000076ab00000,0x000000076ab00000,0x0000000798a00000)
  from space 305152K, 50% used [0x00000007ad600000,0x00000007b6d32e80,0x00000007c0000000)
  to   space 322560K, 0% used [0x0000000798a00000,0x0000000798a00000,0x00000007ac500000)
 ParOldGen       total 778240K, used 777741K [0x00000006c0000000, 0x00000006ef800000, 0x000000076ab00000)
  object space 778240K, 99% used [0x00000006c0000000,0x00000006ef7837f0,0x00000006ef800000)
 Metaspace       used 6982K, capacity 7672K, committed 7936K, reserved 1056768K
  class space    used 630K, capacity 688K, committed 768K, reserved 1048576K
}
Event: 57.764 GC heap before
{Heap before GC invocations=24 (full 6):
 PSYoungGen      total 1057792K, used 907467K [0x000000076ab00000, 0x00000007c0000000, 0x00000007c0000000)
  eden space 752640K, 100% used [0x000000076ab00000,0x0000000798a00000,0x0000000798a00000)
  from space 305152K, 50% used [0x00000007ad600000,0x00000007b6d32e80,0x00000007c0000000)
  to   space 322560K, 0% used [0x0000000798a00000,0x0000000798a00000,0x00000007ac500000)
 ParOldGen       total 778240K, used 777741K [0x00000006c0000000, 0x00000006ef800000, 0x000000076ab00000)
  object space 778240K, 99% used [0x00000006c0000000,0x00000006ef7837f0,0x00000006ef800000)
 Metaspace       used 7089K, capacity 7736K, committed 7936K, reserved 1056768K
  class space    used 632K, capacity 688K, committed 768K, reserved 1048576K
Event: 62.380 GC heap after
Heap after GC invocations=24 (full 6):
 PSYoungGen      total 1057792K, used 0K [0x000000076ab00000, 0x00000007c0000000, 0x00000007c0000000)
  eden space 752640K, 0% used [0x000000076ab00000,0x000000076ab00000,0x0000000798a00000)
  from space 305152K, 0% used [0x00000007ad600000,0x00000007ad600000,0x00000007c0000000)
  to   space 322560K, 0% used [0x0000000798a00000,0x0000000798a00000,0x00000007ac500000)
 ParOldGen       total 1153536K, used 700217K [0x00000006c0000000, 0x0000000706680000, 0x000000076ab00000)
  object space 1153536K, 60% used [0x00000006c0000000,0x00000006eabce600,0x0000000706680000)
 Metaspace       used 7089K, capacity 7736K, committed 7936K, reserved 1056768K
  class space    used 632K, capacity 688K, committed 768K, reserved 1048576K
}

