# JRE version: OpenJDK Runtime Environment (8.0_152-b06) (build 1.8.0_152-release-1136-b06)
# Java VM: OpenJDK 64-Bit Server VM (25.152-b06 mixed mode windows-amd64 compressed oops)
Heap:
 PSYoungGen      total 1042944K, used 876655K [0x000000076ab00000, 0x00000007c0000000, 0x00000007c0000000)
  eden space 826368K, 79% used [0x000000076ab00000,0x0000000792fc4480,0x000000079d200000)
  from space 216576K, 99% used [0x000000079d200000,0x00000007aa557930,0x00000007aa580000)
  to   space 308736K, 0% used [0x00000007ad280000,0x00000007ad280000,0x00000007c0000000)
 ParOldGen       total 1143296K, used 769883K [0x00000006c0000000, 0x0000000705c80000, 0x000000076ab00000)
  object space 1143296K, 67% used [0x00000006c0000000,0x00000006eefd6c00,0x0000000705c80000)
 Metaspace       used 7033K, capacity 7672K, committed 7936K, reserved 1056768K
  class space    used 631K, capacity 688K, committed 768K, reserved 1048576K
GC Heap History (10 events):
Event: 29.957 GC heap before
{Heap before GC invocations=18 (full 4):
 PSYoungGen      total 841216K, used 670610K [0x000000076ab00000, 0x00000007b0d00000, 0x00000007c0000000)
  eden space 654336K, 100% used [0x000000076ab00000,0x0000000792a00000,0x0000000792a00000)
  from space 186880K, 8% used [0x0000000792a00000,0x00000007939e4b20,0x000000079e080000)
  to   space 190976K, 0% used [0x00000007a5280000,0x00000007a5280000,0x00000007b0d00000)
 ParOldGen       total 770048K, used 490144K [0x00000006c0000000, 0x00000006ef000000, 0x000000076ab00000)
  object space 770048K, 63% used [0x00000006c0000000,0x00000006ddea81a8,0x00000006ef000000)
 Metaspace       used 6648K, capacity 7350K, committed 7552K, reserved 1056768K
  class space    used 609K, capacity 622K, committed 640K, reserved 1048576K
Event: 30.248 GC heap after
Heap after GC invocations=18 (full 4):
 PSYoungGen      total 933376K, used 120041K [0x000000076ab00000, 0x00000007b0800000, 0x00000007c0000000)
  eden space 747520K, 0% used [0x000000076ab00000,0x000000076ab00000,0x0000000798500000)
  from space 185856K, 64% used [0x00000007a5280000,0x00000007ac7ba490,0x00000007b0800000)
  to   space 198144K, 0% used [0x0000000798500000,0x0000000798500000,0x00000007a4680000)
 ParOldGen       total 770048K, used 490144K [0x00000006c0000000, 0x00000006ef000000, 0x000000076ab00000)
  object space 770048K, 63% used [0x00000006c0000000,0x00000006ddea81a8,0x00000006ef000000)
 Metaspace       used 6648K, capacity 7350K, committed 7552K, reserved 1056768K
  class space    used 609K, capacity 622K, committed 640K, reserved 1048576K
}
Event: 31.764 GC heap before
{Heap before GC invocations=19 (full 4):
 PSYoungGen      total 933376K, used 867561K [0x000000076ab00000, 0x00000007b0800000, 0x00000007c0000000)
  eden space 747520K, 100% used [0x000000076ab00000,0x0000000798500000,0x0000000798500000)
  from space 185856K, 64% used [0x00000007a5280000,0x00000007ac7ba490,0x00000007b0800000)
  to   space 198144K, 0% used [0x0000000798500000,0x0000000798500000,0x00000007a4680000)
 ParOldGen       total 770048K, used 490144K [0x00000006c0000000, 0x00000006ef000000, 0x000000076ab00000)
  object space 770048K, 63% used [0x00000006c0000000,0x00000006ddea81a8,0x00000006ef000000)
 Metaspace       used 6653K, capacity 7350K, committed 7552K, reserved 1056768K
  class space    used 610K, capacity 622K, committed 640K, reserved 1048576K
Event: 32.153 GC heap after
Heap after GC invocations=19 (full 4):
 PSYoungGen      total 945664K, used 198122K [0x000000076ab00000, 0x00000007c0000000, 0x00000007c0000000)
  eden space 747520K, 0% used [0x000000076ab00000,0x000000076ab00000,0x0000000798500000)
  from space 198144K, 99% used [0x0000000798500000,0x00000007a467a920,0x00000007a4680000)
  to   space 267264K, 0% used [0x00000007afb00000,0x00000007afb00000,0x00000007c0000000)
 ParOldGen       total 770048K, used 585957K [0x00000006c0000000, 0x00000006ef000000, 0x000000076ab00000)
  object space 770048K, 76% used [0x00000006c0000000,0x00000006e3c39628,0x00000006ef000000)
 Metaspace       used 6653K, capacity 7350K, committed 7552K, reserved 1056768K
  class space    used 610K, capacity 622K, committed 640K, reserved 1048576K
}
Event: 36.123 GC heap before
{Heap before GC invocations=20 (full 4):
 PSYoungGen      total 945664K, used 945642K [0x000000076ab00000, 0x00000007c0000000, 0x00000007c0000000)
  eden space 747520K, 100% used [0x000000076ab00000,0x0000000798500000,0x0000000798500000)
  from space 198144K, 99% used [0x0000000798500000,0x00000007a467a920,0x00000007a4680000)
  to   space 267264K, 0% used [0x00000007afb00000,0x00000007afb00000,0x00000007c0000000)
 ParOldGen       total 770048K, used 585957K [0x00000006c0000000, 0x00000006ef000000, 0x000000076ab00000)
  object space 770048K, 76% used [0x00000006c0000000,0x00000006e3c39628,0x00000006ef000000)
 Metaspace       used 6774K, capacity 7448K, committed 7680K, reserved 1056768K
  class space    used 618K, capacity 656K, committed 768K, reserved 1048576K
Event: 36.607 GC heap after
Heap after GC invocations=20 (full 4):
 PSYoungGen      total 1093632K, used 192937K [0x000000076ab00000, 0x00000007c0000000, 0x00000007c0000000)
  eden space 826368K, 0% used [0x000000076ab00000,0x000000076ab00000,0x000000079d200000)
  from space 267264K, 72% used [0x00000007afb00000,0x00000007bb76a6d8,0x00000007c0000000)
  to   space 285696K, 0% used [0x000000079d200000,0x000000079d200000,0x00000007ae900000)
 ParOldGen       total 770048K, used 691297K [0x00000006c0000000, 0x00000006ef000000, 0x000000076ab00000)
  object space 770048K, 89% used [0x00000006c0000000,0x00000006ea318520,0x00000006ef000000)
 Metaspace       used 6774K, capacity 7448K, committed 7680K, reserved 1056768K
  class space    used 618K, capacity 656K, committed 768K, reserved 1048576K
}
Event: 36.607 GC heap before
{Heap before GC invocations=21 (full 5):
 PSYoungGen      total 1093632K, used 192937K [0x000000076ab00000, 0x00000007c0000000, 0x00000007c0000000)
  eden space 826368K, 0% used [0x000000076ab00000,0x000000076ab00000,0x000000079d200000)
  from space 267264K, 72% used [0x00000007afb00000,0x00000007bb76a6d8,0x00000007c0000000)
  to   space 285696K, 0% used [0x000000079d200000,0x000000079d200000,0x00000007ae900000)
 ParOldGen       total 770048K, used 691297K [0x00000006c0000000, 0x00000006ef000000, 0x000000076ab00000)
  object space 770048K, 89% used [0x00000006c0000000,0x00000006ea318520,0x00000006ef000000)
 Metaspace       used 6774K, capacity 7448K, committed 7680K, reserved 1056768K
  class space    used 618K, capacity 656K, committed 768K, reserved 1048576K
Event: 43.371 GC heap after
Heap after GC invocations=21 (full 5):
 PSYoungGen      total 1093632K, used 10593K [0x000000076ab00000, 0x00000007c0000000, 0x00000007c0000000)
  eden space 826368K, 0% used [0x000000076ab00000,0x000000076ab00000,0x000000079d200000)
  from space 267264K, 3% used [0x00000007afb00000,0x00000007b0558670,0x00000007c0000000)
  to   space 285696K, 0% used [0x000000079d200000,0x000000079d200000,0x00000007ae900000)
 ParOldGen       total 1143296K, used 769883K [0x00000006c0000000, 0x0000000705c80000, 0x000000076ab00000)
  object space 1143296K, 67% used [0x00000006c0000000,0x00000006eefd6c00,0x0000000705c80000)
 Metaspace       used 6774K, capacity 7448K, committed 7680K, reserved 1056768K
  class space    used 618K, capacity 656K, committed 768K, reserved 1048576K
}
Event: 45.779 GC heap before
{Heap before GC invocations=22 (full 5):
 PSYoungGen      total 1093632K, used 836961K [0x000000076ab00000, 0x00000007c0000000, 0x00000007c0000000)
  eden space 826368K, 100% used [0x000000076ab00000,0x000000079d200000,0x000000079d200000)
  from space 267264K, 3% used [0x00000007afb00000,0x00000007b0558670,0x00000007c0000000)
  to   space 285696K, 0% used [0x000000079d200000,0x000000079d200000,0x00000007ae900000)
 ParOldGen       total 1143296K, used 769883K [0x00000006c0000000, 0x0000000705c80000, 0x000000076ab00000)
  object space 1143296K, 67% used [0x00000006c0000000,0x00000006eefd6c00,0x0000000705c80000)
 Metaspace       used 6793K, capacity 7448K, committed 7680K, reserved 1056768K
  class space    used 619K, capacity 656K, committed 768K, reserved 1048576K
Event: 46.246 GC heap after
Heap after GC invocations=22 (full 5):
 PSYoungGen      total 1042944K, used 216414K [0x000000076ab00000, 0x00000007c0000000, 0x00000007c0000000)
  eden space 826368K, 0% used [0x000000076ab00000,0x000000076ab00000,0x000000079d200000)
  from space 216576K, 99% used [0x000000079d200000,0x00000007aa557930,0x00000007aa580000)
  to   space 308736K, 0% used [0x00000007ad280000,0x00000007ad280000,0x00000007c0000000)
 ParOldGen       total 1143296K, used 769883K [0x00000006c0000000, 0x0000000705c80000, 0x000000076ab00000)
  object space 1143296K, 67% used [0x00000006c0000000,0x00000006eefd6c00,0x0000000705c80000)
 Metaspace       used 6793K, capacity 7448K, committed 7680K, reserved 1056768K
  class space    used 619K, capacity 656K, committed 768K, reserved 1048576K
}

