# JRE version: OpenJDK Runtime Environment (8.0_152-b06) (build 1.8.0_152-release-1136-b06)
# Java VM: OpenJDK 64-Bit Server VM (25.152-b06 mixed mode windows-amd64 compressed oops)
Heap:
 PSYoungGen      total 819712K, used 15529K [0x000000076ab00000, 0x00000007ae780000, 0x00000007c0000000)
  eden space 652288K, 0% used [0x000000076ab00000,0x000000076ab00000,0x0000000792800000)
  from space 167424K, 9% used [0x0000000792800000,0x000000079372a7f8,0x000000079cb80000)
  to   space 174592K, 0% used [0x00000007a3d00000,0x00000007a3d00000,0x00000007ae780000)
 ParOldGen       total 488448K, used 488005K [0x00000006c0000000, 0x00000006eed80000, 0x000000076ab00000)
  object space 488448K, 99% used [0x00000006c0000000,0x00000006ddc916d8,0x00000006ddd00000)
 Metaspace       used 6640K, capacity 7350K, committed 7552K, reserved 1056768K
  class space    used 609K, capacity 622K, committed 640K, reserved 1048576K
GC Heap History (10 events):
Event: 14.261 GC heap after
Heap after GC invocations=12 (full 2):
 PSYoungGen      total 670720K, used 57666K [0x000000076ab00000, 0x000000079e080000, 0x00000007c0000000)
  eden space 580096K, 0% used [0x000000076ab00000,0x000000076ab00000,0x000000078e180000)
  from space 90624K, 63% used [0x0000000795200000,0x0000000798a509c0,0x000000079aa80000)
  to   space 115200K, 0% used [0x000000078e180000,0x000000078e180000,0x0000000795200000)
 ParOldGen       total 297472K, used 168854K [0x00000006c0000000, 0x00000006d2280000, 0x000000076ab00000)
  object space 297472K, 56% used [0x00000006c0000000,0x00000006ca4e5860,0x00000006d2280000)
 Metaspace       used 6621K, capacity 7286K, committed 7552K, reserved 1056768K
  class space    used 608K, capacity 622K, committed 640K, reserved 1048576K
}
Event: 16.652 GC heap before
{Heap before GC invocations=13 (full 2):
 PSYoungGen      total 670720K, used 637762K [0x000000076ab00000, 0x000000079e080000, 0x00000007c0000000)
  eden space 580096K, 100% used [0x000000076ab00000,0x000000078e180000,0x000000078e180000)
  from space 90624K, 63% used [0x0000000795200000,0x0000000798a509c0,0x000000079aa80000)
  to   space 115200K, 0% used [0x000000078e180000,0x000000078e180000,0x0000000795200000)
 ParOldGen       total 297472K, used 168854K [0x00000006c0000000, 0x00000006d2280000, 0x000000076ab00000)
  object space 297472K, 56% used [0x00000006c0000000,0x00000006ca4e5860,0x00000006d2280000)
 Metaspace       used 6630K, capacity 7350K, committed 7552K, reserved 1056768K
  class space    used 609K, capacity 622K, committed 640K, reserved 1048576K
Event: 16.978 GC heap after
Heap after GC invocations=13 (full 2):
 PSYoungGen      total 695296K, used 89851K [0x000000076ab00000, 0x00000007a4680000, 0x00000007c0000000)
  eden space 580096K, 0% used [0x000000076ab00000,0x000000076ab00000,0x000000078e180000)
  from space 115200K, 77% used [0x000000078e180000,0x000000079393eef8,0x0000000795200000)
  to   space 125952K, 0% used [0x000000079cb80000,0x000000079cb80000,0x00000007a4680000)
 ParOldGen       total 297472K, used 226784K [0x00000006c0000000, 0x00000006d2280000, 0x000000076ab00000)
  object space 297472K, 76% used [0x00000006c0000000,0x00000006cdd781a0,0x00000006d2280000)
 Metaspace       used 6630K, capacity 7350K, committed 7552K, reserved 1056768K
  class space    used 609K, capacity 622K, committed 640K, reserved 1048576K
}
Event: 19.079 GC heap before
{Heap before GC invocations=14 (full 2):
 PSYoungGen      total 695296K, used 669947K [0x000000076ab00000, 0x00000007a4680000, 0x00000007c0000000)
  eden space 580096K, 100% used [0x000000076ab00000,0x000000078e180000,0x000000078e180000)
  from space 115200K, 77% used [0x000000078e180000,0x000000079393eef8,0x0000000795200000)
  to   space 125952K, 0% used [0x000000079cb80000,0x000000079cb80000,0x00000007a4680000)
 ParOldGen       total 297472K, used 226784K [0x00000006c0000000, 0x00000006d2280000, 0x000000076ab00000)
  object space 297472K, 76% used [0x00000006c0000000,0x00000006cdd781a0,0x00000006d2280000)
 Metaspace       used 6632K, capacity 7350K, committed 7552K, reserved 1056768K
  class space    used 609K, capacity 622K, committed 640K, reserved 1048576K
Event: 19.389 GC heap after
Heap after GC invocations=14 (full 2):
 PSYoungGen      total 778240K, used 125923K [0x000000076ab00000, 0x00000007aa300000, 0x00000007c0000000)
  eden space 652288K, 0% used [0x000000076ab00000,0x000000076ab00000,0x0000000792800000)
  from space 125952K, 99% used [0x000000079cb80000,0x00000007a4678ff8,0x00000007a4680000)
  to   space 167424K, 0% used [0x0000000792800000,0x0000000792800000,0x000000079cb80000)
 ParOldGen       total 297472K, used 279658K [0x00000006c0000000, 0x00000006d2280000, 0x000000076ab00000)
  object space 297472K, 94% used [0x00000006c0000000,0x00000006d111a820,0x00000006d2280000)
 Metaspace       used 6632K, capacity 7350K, committed 7552K, reserved 1056768K
  class space    used 609K, capacity 622K, committed 640K, reserved 1048576K
}
Event: 19.389 GC heap before
{Heap before GC invocations=15 (full 3):
 PSYoungGen      total 778240K, used 125923K [0x000000076ab00000, 0x00000007aa300000, 0x00000007c0000000)
  eden space 652288K, 0% used [0x000000076ab00000,0x000000076ab00000,0x0000000792800000)
  from space 125952K, 99% used [0x000000079cb80000,0x00000007a4678ff8,0x00000007a4680000)
  to   space 167424K, 0% used [0x0000000792800000,0x0000000792800000,0x000000079cb80000)
 ParOldGen       total 297472K, used 279658K [0x00000006c0000000, 0x00000006d2280000, 0x000000076ab00000)
  object space 297472K, 94% used [0x00000006c0000000,0x00000006d111a820,0x00000006d2280000)
 Metaspace       used 6632K, capacity 7350K, committed 7552K, reserved 1056768K
  class space    used 609K, capacity 622K, committed 640K, reserved 1048576K
Event: 21.972 GC heap after
Heap after GC invocations=15 (full 3):
 PSYoungGen      total 778240K, used 103503K [0x000000076ab00000, 0x00000007aa300000, 0x00000007c0000000)
  eden space 652288K, 0% used [0x000000076ab00000,0x000000076ab00000,0x0000000792800000)
  from space 125952K, 82% used [0x000000079cb80000,0x00000007a3093cd0,0x00000007a4680000)
  to   space 167424K, 0% used [0x0000000792800000,0x0000000792800000,0x000000079cb80000)
 ParOldGen       total 488448K, used 297256K [0x00000006c0000000, 0x00000006ddd00000, 0x000000076ab00000)
  object space 488448K, 60% used [0x00000006c0000000,0x00000006d224a068,0x00000006ddd00000)
 Metaspace       used 6632K, capacity 7350K, committed 7552K, reserved 1056768K
  class space    used 609K, capacity 622K, committed 640K, reserved 1048576K
}
Event: 24.582 GC heap before
{Heap before GC invocations=16 (full 3):
 PSYoungGen      total 778240K, used 755791K [0x000000076ab00000, 0x00000007aa300000, 0x00000007c0000000)
  eden space 652288K, 100% used [0x000000076ab00000,0x0000000792800000,0x0000000792800000)
  from space 125952K, 82% used [0x000000079cb80000,0x00000007a3093cd0,0x00000007a4680000)
  to   space 167424K, 0% used [0x0000000792800000,0x0000000792800000,0x000000079cb80000)
 ParOldGen       total 488448K, used 297256K [0x00000006c0000000, 0x00000006ddd00000, 0x000000076ab00000)
  object space 488448K, 60% used [0x00000006c0000000,0x00000006d224a068,0x00000006ddd00000)
 Metaspace       used 6640K, capacity 7350K, committed 7552K, reserved 1056768K
  class space    used 609K, capacity 622K, committed 640K, reserved 1048576K
Event: 24.940 GC heap after
Heap after GC invocations=16 (full 3):
 PSYoungGen      total 819712K, used 107578K [0x000000076ab00000, 0x00000007ae780000, 0x00000007c0000000)
  eden space 652288K, 0% used [0x000000076ab00000,0x000000076ab00000,0x0000000792800000)
  from space 167424K, 64% used [0x0000000792800000,0x000000079910ea58,0x000000079cb80000)
  to   space 174592K, 0% used [0x00000007a3d00000,0x00000007a3d00000,0x00000007ae780000)
 ParOldGen       total 488448K, used 401755K [0x00000006c0000000, 0x00000006ddd00000, 0x000000076ab00000)
  object space 488448K, 82% used [0x00000006c0000000,0x00000006d8856dc0,0x00000006ddd00000)
 Metaspace       used 6640K, capacity 7350K, committed 7552K, reserved 1056768K
  class space    used 609K, capacity 622K, committed 640K, reserved 1048576K
}
Event: 24.940 GC heap before
{Heap before GC invocations=17 (full 4):
 PSYoungGen      total 819712K, used 107578K [0x000000076ab00000, 0x00000007ae780000, 0x00000007c0000000)
  eden space 652288K, 0% used [0x000000076ab00000,0x000000076ab00000,0x0000000792800000)
  from space 167424K, 64% used [0x0000000792800000,0x000000079910ea58,0x000000079cb80000)
  to   space 174592K, 0% used [0x00000007a3d00000,0x00000007a3d00000,0x00000007ae780000)
 ParOldGen       total 488448K, used 401755K [0x00000006c0000000, 0x00000006ddd00000, 0x000000076ab00000)
  object space 488448K, 82% used [0x00000006c0000000,0x00000006d8856dc0,0x00000006ddd00000)
 Metaspace       used 6640K, capacity 7350K, committed 7552K, reserved 1056768K
  class space    used 609K, capacity 622K, committed 640K, reserved 1048576K

