# JRE version: OpenJDK Runtime Environment (8.0_152-b06) (build 1.8.0_152-release-1136-b06)
# Java VM: OpenJDK 64-Bit Server VM (25.152-b06 mixed mode windows-amd64 compressed oops)
Heap:
 PSYoungGen      total 1015808K, used 198700K [0x000000076ab00000, 0x00000007c0000000, 0x00000007c0000000)
  eden space 663552K, 29% used [0x000000076ab00000,0x0000000776d0b2d8,0x0000000793300000)
  from space 352256K, 0% used [0x00000007aa800000,0x00000007aa800000,0x00000007c0000000)
  to   space 367104K, 0% used [0x0000000793300000,0x0000000793300000,0x00000007a9980000)
 ParOldGen       total 1356800K, used 921267K [0x00000006c0000000, 0x0000000712d00000, 0x000000076ab00000)
  object space 1356800K, 67% used [0x00000006c0000000,0x00000006f83acc28,0x0000000712d00000)
 Metaspace       used 7036K, capacity 7672K, committed 7936K, reserved 1056768K
  class space    used 630K, capacity 688K, committed 768K, reserved 1048576K
GC Heap History (10 events):
Event: 43.821 GC heap before
{Heap before GC invocations=26 (full 5):
 PSYoungGen      total 918016K, used 825572K [0x000000076ab00000, 0x00000007b1680000, 0x00000007c0000000)
  eden space 732672K, 100% used [0x000000076ab00000,0x0000000797680000,0x0000000797680000)
  from space 185344K, 50% used [0x00000007a6180000,0x00000007abc39378,0x00000007b1680000)
  to   space 212992K, 0% used [0x0000000797680000,0x0000000797680000,0x00000007a4680000)
 ParOldGen       total 1137664K, used 786024K [0x00000006c0000000, 0x0000000705700000, 0x000000076ab00000)
  object space 1137664K, 69% used [0x00000006c0000000,0x00000006eff9a088,0x0000000705700000)
 Metaspace       used 6791K, capacity 7448K, committed 7680K, reserved 1056768K
  class space    used 618K, capacity 656K, committed 768K, reserved 1048576K
Event: 44.083 GC heap after
Heap after GC invocations=26 (full 5):
 PSYoungGen      total 945664K, used 147525K [0x000000076ab00000, 0x00000007b7900000, 0x00000007c0000000)
  eden space 732672K, 0% used [0x000000076ab00000,0x000000076ab00000,0x0000000797680000)
  from space 212992K, 69% used [0x0000000797680000,0x00000007a0691710,0x00000007a4680000)
  to   space 223232K, 0% used [0x00000007a9f00000,0x00000007a9f00000,0x00000007b7900000)
 ParOldGen       total 1137664K, used 786024K [0x00000006c0000000, 0x0000000705700000, 0x000000076ab00000)
  object space 1137664K, 69% used [0x00000006c0000000,0x00000006eff9a088,0x0000000705700000)
 Metaspace       used 6791K, capacity 7448K, committed 7680K, reserved 1056768K
  class space    used 618K, capacity 656K, committed 768K, reserved 1048576K
}
Event: 45.803 GC heap before
{Heap before GC invocations=27 (full 5):
 PSYoungGen      total 945664K, used 880197K [0x000000076ab00000, 0x00000007b7900000, 0x00000007c0000000)
  eden space 732672K, 100% used [0x000000076ab00000,0x0000000797680000,0x0000000797680000)
  from space 212992K, 69% used [0x0000000797680000,0x00000007a0691710,0x00000007a4680000)
  to   space 223232K, 0% used [0x00000007a9f00000,0x00000007a9f00000,0x00000007b7900000)
 ParOldGen       total 1137664K, used 786024K [0x00000006c0000000, 0x0000000705700000, 0x000000076ab00000)
  object space 1137664K, 69% used [0x00000006c0000000,0x00000006eff9a088,0x0000000705700000)
 Metaspace       used 7032K, capacity 7672K, committed 7936K, reserved 1056768K
  class space    used 630K, capacity 688K, committed 768K, reserved 1048576K
Event: 46.137 GC heap after
Heap after GC invocations=27 (full 5):
 PSYoungGen      total 982016K, used 223230K [0x000000076ab00000, 0x00000007beb00000, 0x00000007c0000000)
  eden space 758784K, 0% used [0x000000076ab00000,0x000000076ab00000,0x0000000799000000)
  from space 223232K, 99% used [0x00000007a9f00000,0x00000007b78ff868,0x00000007b7900000)
  to   space 277504K, 0% used [0x0000000799000000,0x0000000799000000,0x00000007a9f00000)
 ParOldGen       total 1137664K, used 835462K [0x00000006c0000000, 0x0000000705700000, 0x000000076ab00000)
  object space 1137664K, 73% used [0x00000006c0000000,0x00000006f2fe1880,0x0000000705700000)
 Metaspace       used 7032K, capacity 7672K, committed 7936K, reserved 1056768K
  class space    used 630K, capacity 688K, committed 768K, reserved 1048576K
}
Event: 48.427 GC heap before
{Heap before GC invocations=28 (full 5):
 PSYoungGen      total 982016K, used 982014K [0x000000076ab00000, 0x00000007beb00000, 0x00000007c0000000)
  eden space 758784K, 100% used [0x000000076ab00000,0x0000000799000000,0x0000000799000000)
  from space 223232K, 99% used [0x00000007a9f00000,0x00000007b78ff868,0x00000007b7900000)
  to   space 277504K, 0% used [0x0000000799000000,0x0000000799000000,0x00000007a9f00000)
 ParOldGen       total 1137664K, used 835462K [0x00000006c0000000, 0x0000000705700000, 0x000000076ab00000)
  object space 1137664K, 73% used [0x00000006c0000000,0x00000006f2fe1880,0x0000000705700000)
 Metaspace       used 7034K, capacity 7672K, committed 7936K, reserved 1056768K
  class space    used 630K, capacity 688K, committed 768K, reserved 1048576K
Event: 49.294 GC heap after
Heap after GC invocations=28 (full 5):
 PSYoungGen      total 1036288K, used 277501K [0x000000076ab00000, 0x00000007c0000000, 0x00000007c0000000)
  eden space 758784K, 0% used [0x000000076ab00000,0x000000076ab00000,0x0000000799000000)
  from space 277504K, 99% used [0x0000000799000000,0x00000007a9eff760,0x00000007a9f00000)
  to   space 352256K, 0% used [0x00000007aa800000,0x00000007aa800000,0x00000007c0000000)
 ParOldGen       total 1137664K, used 914849K [0x00000006c0000000, 0x0000000705700000, 0x000000076ab00000)
  object space 1137664K, 80% used [0x00000006c0000000,0x00000006f7d68488,0x0000000705700000)
 Metaspace       used 7034K, capacity 7672K, committed 7936K, reserved 1056768K
  class space    used 630K, capacity 688K, committed 768K, reserved 1048576K
}
Event: 50.972 GC heap before
{Heap before GC invocations=29 (full 5):
 PSYoungGen      total 1036288K, used 1036285K [0x000000076ab00000, 0x00000007c0000000, 0x00000007c0000000)
  eden space 758784K, 100% used [0x000000076ab00000,0x0000000799000000,0x0000000799000000)
  from space 277504K, 99% used [0x0000000799000000,0x00000007a9eff760,0x00000007a9f00000)
  to   space 352256K, 0% used [0x00000007aa800000,0x00000007aa800000,0x00000007c0000000)
 ParOldGen       total 1137664K, used 914849K [0x00000006c0000000, 0x0000000705700000, 0x000000076ab00000)
  object space 1137664K, 80% used [0x00000006c0000000,0x00000006f7d68488,0x0000000705700000)
 Metaspace       used 7035K, capacity 7672K, committed 7936K, reserved 1056768K
  class space    used 630K, capacity 688K, committed 768K, reserved 1048576K
Event: 51.475 GC heap after
Heap after GC invocations=29 (full 5):
 PSYoungGen      total 1015808K, used 233072K [0x000000076ab00000, 0x00000007c0000000, 0x00000007c0000000)
  eden space 663552K, 0% used [0x000000076ab00000,0x000000076ab00000,0x0000000793300000)
  from space 352256K, 66% used [0x00000007aa800000,0x00000007b8b9c050,0x00000007c0000000)
  to   space 367104K, 0% used [0x0000000793300000,0x0000000793300000,0x00000007a9980000)
 ParOldGen       total 1137664K, used 1087688K [0x00000006c0000000, 0x0000000705700000, 0x000000076ab00000)
  object space 1137664K, 95% used [0x00000006c0000000,0x00000007026323d0,0x0000000705700000)
 Metaspace       used 7035K, capacity 7672K, committed 7936K, reserved 1056768K
  class space    used 630K, capacity 688K, committed 768K, reserved 1048576K
}
Event: 51.475 GC heap before
{Heap before GC invocations=30 (full 6):
 PSYoungGen      total 1015808K, used 233072K [0x000000076ab00000, 0x00000007c0000000, 0x00000007c0000000)
  eden space 663552K, 0% used [0x000000076ab00000,0x000000076ab00000,0x0000000793300000)
  from space 352256K, 66% used [0x00000007aa800000,0x00000007b8b9c050,0x00000007c0000000)
  to   space 367104K, 0% used [0x0000000793300000,0x0000000793300000,0x00000007a9980000)
 ParOldGen       total 1137664K, used 1087688K [0x00000006c0000000, 0x0000000705700000, 0x000000076ab00000)
  object space 1137664K, 95% used [0x00000006c0000000,0x00000007026323d0,0x0000000705700000)
 Metaspace       used 7035K, capacity 7672K, committed 7936K, reserved 1056768K
  class space    used 630K, capacity 688K, committed 768K, reserved 1048576K
Event: 58.844 GC heap after
Heap after GC invocations=30 (full 6):
 PSYoungGen      total 1015808K, used 0K [0x000000076ab00000, 0x00000007c0000000, 0x00000007c0000000)
  eden space 663552K, 0% used [0x000000076ab00000,0x000000076ab00000,0x0000000793300000)
  from space 352256K, 0% used [0x00000007aa800000,0x00000007aa800000,0x00000007c0000000)
  to   space 367104K, 0% used [0x0000000793300000,0x0000000793300000,0x00000007a9980000)
 ParOldGen       total 1356800K, used 921267K [0x00000006c0000000, 0x0000000712d00000, 0x000000076ab00000)
  object space 1356800K, 67% used [0x00000006c0000000,0x00000006f83acc28,0x0000000712d00000)
 Metaspace       used 7035K, capacity 7672K, committed 7936K, reserved 1056768K
  class space    used 630K, capacity 688K, committed 768K, reserved 1048576K
}

